#
# There is insufficient memory for the Java Runtime Environment to continue.
# Native memory allocation (malloc) failed to allocate 32744 bytes for ChunkPool::allocate
# Possible reasons:
#   The system is out of physical RAM or swap space
#   The process is running with CompressedOops enabled, and the Java Heap may be blocking the growth of the native heap
# Possible solutions:
#   Reduce memory load on the system
#   Increase physical memory or swap space
#   Check if swap backing store is full
#   Decrease Java heap size (-Xmx/-Xms)
#   Decrease number of Java threads
#   Decrease Java thread stack sizes (-Xss)
#   Set larger code cache with -XX:ReservedCodeCacheSize=
#   JVM is running with Zero Based Compressed Oops mode in which the Java heap is
#     placed in the first 32GB address space. The Java Heap base address is the
#     maximum limit for the native heap growth. Please use -XX:HeapBaseMinAddress
#     to set the Java Heap base and to place the Java Heap above 32GB virtual address.
# This output file may be truncated or incomplete.
#
#  Out of Memory Error (allocation.cpp:272), pid=27896, tid=0x000000000000381c
#
# JRE version: Java(TM) SE Runtime Environment (8.0_241-b07) (build 1.8.0_241-b07)
# Java VM: Java HotSpot(TM) 64-Bit Server VM (25.241-b07 mixed mode windows-amd64 compressed oops)
# Failed to write core dump. Minidumps are not enabled by default on client versions of Windows
#

---------------  T H R E A D  ---------------

Current thread (0x0000000002d54800):  JavaThread "main" [_thread_in_vm, id=14364, stack(0x0000000002a50000,0x0000000002b50000)]

Stack: [0x0000000002a50000,0x0000000002b50000]
[error occurred during error reporting (printing stack bounds), id 0xc0000005]

Native frames: (J=compiled Java code, j=interpreted, Vv=VM code, C=native code)

Java frames: (J=compiled Java code, j=interpreted, Vv=VM code)
j  org.apache.ibatis.builder.xml.XMLConfigBuilder.<init>(Lorg/apache/ibatis/parsing/XPathParser;Ljava/lang/String;Ljava/util/Properties;)V+1
j  org.apache.ibatis.builder.xml.XMLConfigBuilder.<init>(Ljava/io/InputStream;Ljava/lang/String;Ljava/util/Properties;)V+20
j  org.mybatis.spring.SqlSessionFactoryBean.buildSqlSessionFactory()Lorg/apache/ibatis/session/SqlSessionFactory;+78
j  org.mybatis.spring.SqlSessionFactoryBean.afterPropertiesSet()V+58
j  org.springframework.beans.factory.support.AbstractAutowireCapableBeanFactory.invokeInitMethods(Ljava/lang/String;Ljava/lang/Object;Lorg/springframework/beans/factory/support/RootBeanDefinition;)V+106
j  org.springframework.beans.factory.support.AbstractAutowireCapableBeanFactory.initializeBean(Ljava/lang/String;Ljava/lang/Object;Lorg/springframework/beans/factory/support/RootBeanDefinition;)Ljava/lang/Object;+59
j  org.springframework.beans.factory.support.AbstractAutowireCapableBeanFactory.doCreateBean(Ljava/lang/String;Lorg/springframework/beans/factory/support/RootBeanDefinition;[Ljava/lang/Object;)Ljava/lang/Object;+245
j  org.springframework.beans.factory.support.AbstractAutowireCapableBeanFactory.createBean(Ljava/lang/String;Lorg/springframework/beans/factory/support/RootBeanDefinition;[Ljava/lang/Object;)Ljava/lang/Object;+169
j  org.springframework.beans.factory.support.AbstractBeanFactory.lambda$doGetBean$0(Ljava/lang/String;Lorg/springframework/beans/factory/support/RootBeanDefinition;[Ljava/lang/Object;)Ljava/lang/Object;+4
j  org.springframework.beans.factory.support.AbstractBeanFactory$$Lambda$18.getObject()Ljava/lang/Object;+16
j  org.springframework.beans.factory.support.DefaultSingletonBeanRegistry.getSingleton(Ljava/lang/String;Lorg/springframework/beans/factory/ObjectFactory;)Ljava/lang/Object;+132
j  org.springframework.beans.factory.support.AbstractBeanFactory.doGetBean(Ljava/lang/String;Ljava/lang/Class;[Ljava/lang/Object;Z)Ljava/lang/Object;+453
j  org.springframework.beans.factory.support.AbstractBeanFactory.getBean(Ljava/lang/String;)Ljava/lang/Object;+5
j  org.springframework.beans.factory.config.DependencyDescriptor.resolveCandidate(Ljava/lang/String;Ljava/lang/Class;Lorg/springframework/beans/factory/BeanFactory;)Ljava/lang/Object;+2
j  org.springframework.beans.factory.support.DefaultListableBeanFactory.doResolveDependency(Lorg/springframework/beans/factory/config/DependencyDescriptor;Ljava/lang/String;Ljava/util/Set;Lorg/springframework/beans/TypeConverter;)Ljava/lang/Object;+410
j  org.springframework.beans.factory.support.DefaultListableBeanFactory.resolveDependency(Lorg/springframework/beans/factory/config/DependencyDescriptor;Ljava/lang/String;Ljava/util/Set;Lorg/springframework/beans/TypeConverter;)Ljava/lang/Object;+106
j  org.springframework.beans.factory.support.AbstractAutowireCapableBeanFactory.autowireByType(Ljava/lang/String;Lorg/springframework/beans/factory/support/AbstractBeanDefinition;Lorg/springframework/beans/BeanWrapper;Lorg/springframework/beans/MutablePropertyValues;)V+128
j  org.springframework.beans.factory.support.AbstractAutowireCapableBeanFactory.populateBean(Ljava/lang/String;Lorg/springframework/beans/factory/support/RootBeanDefinition;Lorg/springframework/beans/BeanWrapper;)V+199
j  org.springframework.beans.factory.support.AbstractAutowireCapableBeanFactory.doCreateBean(Ljava/lang/String;Lorg/springframework/beans/factory/support/RootBeanDefinition;[Ljava/lang/Object;)Ljava/lang/Object;+237
j  org.springframework.beans.factory.support.AbstractAutowireCapableBeanFactory.createBean(Ljava/lang/String;Lorg/springframework/beans/factory/support/RootBeanDefinition;[Ljava/lang/Object;)Ljava/lang/Object;+169
j  org.springframework.beans.factory.support.AbstractBeanFactory.lambda$doGetBean$0(Ljava/lang/String;Lorg/springframework/beans/factory/support/RootBeanDefinition;[Ljava/lang/Object;)Ljava/lang/Object;+4
j  org.springframework.beans.factory.support.AbstractBeanFactory$$Lambda$18.getObject()Ljava/lang/Object;+16
j  org.springframework.beans.factory.support.DefaultSingletonBeanRegistry.getSingleton(Ljava/lang/String;Lorg/springframework/beans/factory/ObjectFactory;)Ljava/lang/Object;+132
j  org.springframework.beans.factory.support.AbstractBeanFactory.doGetBean(Ljava/lang/String;Ljava/lang/Class;[Ljava/lang/Object;Z)Ljava/lang/Object;+453
j  org.springframework.beans.factory.support.AbstractBeanFactory.getBean(Ljava/lang/String;)Ljava/lang/Object;+5
j  org.springframework.beans.factory.config.DependencyDescriptor.resolveCandidate(Ljava/lang/String;Ljava/lang/Class;Lorg/springframework/beans/factory/BeanFactory;)Ljava/lang/Object;+2
j  org.springframework.beans.factory.support.DefaultListableBeanFactory.doResolveDependency(Lorg/springframework/beans/factory/config/DependencyDescriptor;Ljava/lang/String;Ljava/util/Set;Lorg/springframework/beans/TypeConverter;)Ljava/lang/Object;+410
j  org.springframework.beans.factory.support.DefaultListableBeanFactory.resolveDependency(Lorg/springframework/beans/factory/config/DependencyDescriptor;Ljava/lang/String;Ljava/util/Set;Lorg/springframework/beans/TypeConverter;)Ljava/lang/Object;+106
j  org.springframework.beans.factory.annotation.AutowiredAnnotationBeanPostProcessor$AutowiredFieldElement.inject(Ljava/lang/Object;Ljava/lang/String;Lorg/springframework/beans/PropertyValues;)V+115
j  org.springframework.beans.factory.annotation.InjectionMetadata.inject(Ljava/lang/Object;Ljava/lang/String;Lorg/springframework/beans/PropertyValues;)V+120
j  org.springframework.beans.factory.annotation.AutowiredAnnotationBeanPostProcessor.postProcessPropertyValues(Lorg/springframework/beans/PropertyValues;[Ljava/beans/PropertyDescriptor;Ljava/lang/Object;Ljava/lang/String;)Lorg/springframework/beans/PropertyValues;+19
j  org.springframework.beans.factory.support.AbstractAutowireCapableBeanFactory.populateBean(Ljava/lang/String;Lorg/springframework/beans/factory/support/RootBeanDefinition;Lorg/springframework/beans/BeanWrapper;)V+324
j  org.springframework.beans.factory.support.AbstractAutowireCapableBeanFactory.doCreateBean(Ljava/lang/String;Lorg/springframework/beans/factory/support/RootBeanDefinition;[Ljava/lang/Object;)Ljava/lang/Object;+237
j  org.springframework.beans.factory.support.AbstractAutowireCapableBeanFactory.createBean(Ljava/lang/String;Lorg/springframework/beans/factory/support/RootBeanDefinition;[Ljava/lang/Object;)Ljava/lang/Object;+169
j  org.springframework.beans.factory.support.AbstractBeanFactory.lambda$doGetBean$0(Ljava/lang/String;Lorg/springframework/beans/factory/support/RootBeanDefinition;[Ljava/lang/Object;)Ljava/lang/Object;+4
j  org.springframework.beans.factory.support.AbstractBeanFactory$$Lambda$18.getObject()Ljava/lang/Object;+16
j  org.springframework.beans.factory.support.DefaultSingletonBeanRegistry.getSingleton(Ljava/lang/String;Lorg/springframework/beans/factory/ObjectFactory;)Ljava/lang/Object;+132
j  org.springframework.beans.factory.support.AbstractBeanFactory.doGetBean(Ljava/lang/String;Ljava/lang/Class;[Ljava/lang/Object;Z)Ljava/lang/Object;+453
j  org.springframework.beans.factory.support.AbstractBeanFactory.getBean(Ljava/lang/String;)Ljava/lang/Object;+5
j  org.springframework.beans.factory.support.DefaultListableBeanFactory.preInstantiateSingletons()V+248
j  org.springframework.context.support.AbstractApplicationContext.finishBeanFactoryInitialization(Lorg/springframework/beans/factory/config/ConfigurableListableBeanFactory;)V+124
j  org.springframework.context.support.AbstractApplicationContext.refresh()V+54
j  org.springframework.test.context.support.AbstractGenericContextLoader.loadContext(Lorg/springframework/test/context/MergedContextConfiguration;)Lorg/springframework/context/ConfigurableApplicationContext;+100
j  org.springframework.test.context.support.AbstractGenericContextLoader.loadContext(Lorg/springframework/test/context/MergedContextConfiguration;)Lorg/springframework/context/ApplicationContext;+2
j  org.springframework.test.context.support.AbstractDelegatingSmartContextLoader.delegateLoading(Lorg/springframework/test/context/SmartContextLoader;Lorg/springframework/test/context/MergedContextConfiguration;)Lorg/springframework/context/ApplicationContext;+41
j  org.springframework.test.context.support.AbstractDelegatingSmartContextLoader.loadContext(Lorg/springframework/test/context/MergedContextConfiguration;)Lorg/springframework/context/ApplicationContext;+97
j  org.springframework.test.context.cache.DefaultCacheAwareContextLoaderDelegate.loadContextInternal(Lorg/springframework/test/context/MergedContextConfiguration;)Lorg/springframework/context/ApplicationContext;+27
j  org.springframework.test.context.cache.DefaultCacheAwareContextLoaderDelegate.loadContext(Lorg/springframework/test/context/MergedContextConfiguration;)Lorg/springframework/context/ApplicationContext;+24
j  org.springframework.test.context.support.DefaultTestContext.getApplicationContext()Lorg/springframework/context/ApplicationContext;+8
j  org.springframework.test.context.support.DependencyInjectionTestExecutionListener.injectDependencies(Lorg/springframework/test/context/TestContext;)V+8
j  org.springframework.test.context.support.DependencyInjectionTestExecutionListener.prepareTestInstance(Lorg/springframework/test/context/TestContext;)V+45
j  org.springframework.test.context.TestContextManager.prepareTestInstance(Ljava/lang/Object;)V+89
j  org.springframework.test.context.junit4.SpringJUnit4ClassRunner.createTest()Ljava/lang/Object;+10
j  org.springframework.test.context.junit4.SpringJUnit4ClassRunner$1.runReflectiveCall()Ljava/lang/Object;+4
j  org.junit.internal.runners.model.ReflectiveCallable.run()Ljava/lang/Object;+1
j  org.springframework.test.context.junit4.SpringJUnit4ClassRunner.methodBlock(Lorg/junit/runners/model/FrameworkMethod;)Lorg/junit/runners/model/Statement;+8
j  org.springframework.test.context.junit4.SpringJUnit4ClassRunner.runChild(Lorg/junit/runners/model/FrameworkMethod;Lorg/junit/runner/notification/RunNotifier;)V+24
j  org.springframework.test.context.junit4.SpringJUnit4ClassRunner.runChild(Ljava/lang/Object;Lorg/junit/runner/notification/RunNotifier;)V+6
j  org.junit.runners.ParentRunner$4.run()V+12
j  org.junit.runners.ParentRunner$1.schedule(Ljava/lang/Runnable;)V+1
j  org.junit.runners.ParentRunner.runChildren(Lorg/junit/runner/notification/RunNotifier;)V+44
j  org.junit.runners.ParentRunner.access$100(Lorg/junit/runners/ParentRunner;Lorg/junit/runner/notification/RunNotifier;)V+2
j  org.junit.runners.ParentRunner$2.evaluate()V+8
j  org.springframework.test.context.junit4.statements.RunBeforeTestClassCallbacks.evaluate()V+11
j  org.springframework.test.context.junit4.statements.RunAfterTestClassCallbacks.evaluate()V+12
j  org.junit.runners.ParentRunner$3.evaluate()V+4
j  org.junit.runners.ParentRunner.run(Lorg/junit/runner/notification/RunNotifier;)V+24
j  org.springframework.test.context.junit4.SpringJUnit4ClassRunner.run(Lorg/junit/runner/notification/RunNotifier;)V+24
j  org.junit.runner.JUnitCore.run(Lorg/junit/runner/Runner;)Lorg/junit/runner/Result;+37
j  com.intellij.junit4.JUnit4IdeaTestRunner.startRunnerWithArgs([Ljava/lang/String;Ljava/lang/String;IZ)I+166
j  com.intellij.rt.junit.IdeaTestRunner$Repeater.startRunnerWithArgs(Lcom/intellij/rt/junit/IdeaTestRunner;[Ljava/lang/String;Ljava/util/ArrayList;Ljava/lang/String;IZ)I+22
j  com.intellij.rt.junit.JUnitStarter.prepareStreamsAndStart([Ljava/lang/String;Ljava/lang/String;Ljava/util/ArrayList;Ljava/lang/String;)I+116
j  com.intellij.rt.junit.JUnitStarter.main([Ljava/lang/String;)V+97
v  ~StubRoutines::call_stub

---------------  P R O C E S S  ---------------

Java Threads: ( => current thread )
  0x000000001e27e800 JavaThread "Service Thread" daemon [_thread_blocked, id=27360, stack(0x000000001fbe0000,0x000000001fce0000)]
  0x000000001e1c0000 JavaThread "C1 CompilerThread3" daemon [_thread_blocked, id=3656, stack(0x000000001fae0000,0x000000001fbe0000)]
  0x000000001e1bb000 JavaThread "C2 CompilerThread2" daemon [_thread_in_native, id=20696, stack(0x000000001f9e0000,0x000000001fae0000)]
  0x000000001e1b8800 JavaThread "C2 CompilerThread1" daemon [_thread_in_native, id=8904, stack(0x000000001f8e0000,0x000000001f9e0000)]
  0x000000001e1b5800 JavaThread "C2 CompilerThread0" daemon [_thread_in_native, id=25020, stack(0x000000001f7e0000,0x000000001f8e0000)]
  0x000000001e1b3800 JavaThread "Monitor Ctrl-Break" daemon [_thread_in_native, id=24776, stack(0x000000001f6e0000,0x000000001f7e0000)]
  0x000000001e19d800 JavaThread "Attach Listener" daemon [_thread_blocked, id=22180, stack(0x000000001f5e0000,0x000000001f6e0000)]
  0x000000001e149000 JavaThread "Signal Dispatcher" daemon [_thread_blocked, id=28252, stack(0x000000001f4e0000,0x000000001f5e0000)]
  0x000000001ca32000 JavaThread "Finalizer" daemon [_thread_blocked, id=26132, stack(0x000000001f380000,0x000000001f480000)]
  0x000000001e123000 JavaThread "Reference Handler" daemon [_thread_blocked, id=25160, stack(0x000000001f280000,0x000000001f380000)]
=>0x0000000002d54800 JavaThread "main" [_thread_in_vm, id=14364, stack(0x0000000002a50000,0x0000000002b50000)]

Other Threads:
  0x000000001e102800 VMThread [stack: 0x000000001f180000,0x000000001f280000] [id=11260]
  0x000000001e2a3800 WatcherThread [stack: 0x000000001fce0000,0x000000001fde0000] [id=22068]

VM state:not at safepoint (normal execution)

VM Mutex/Monitor currently owned by a thread: None

heap address: 0x00000006c2a00000, size: 4054 MB, Compressed Oops mode: Zero based, Oop shift amount: 3
Narrow klass base: 0x0000000000000000, Narrow klass shift: 3
Compressed class space size: 1073741824 Address: 0x00000007c0000000

Heap:
 PSYoungGen      total 75776K, used 45463K [0x000000076b900000, 0x0000000770d80000, 0x00000007c0000000)
  eden space 65024K, 63% used [0x000000076b900000,0x000000076e120170,0x000000076f880000)
  from space 10752K, 40% used [0x0000000770300000,0x0000000770745b38,0x0000000770d80000)
  to   space 10752K, 0% used [0x000000076f880000,0x000000076f880000,0x0000000770300000)
 ParOldGen       total 173568K, used 88K [0x00000006c2a00000, 0x00000006cd380000, 0x000000076b900000)
  object space 173568K, 0% used [0x00000006c2a00000,0x00000006c2a16010,0x00000006cd380000)
 Metaspace       used 17342K, capacity 17722K, committed 17792K, reserved 1064960K
  class space    used 2030K, capacity 2165K, committed 2176K, reserved 1048576K

Card table byte_map: [0x0000000012210000,0x0000000012a00000] byte_map_base: 0x000000000ebfb000

Marking Bits: (ParMarkBitMap*) 0x000000005e29be30
 Begin Bits: [0x0000000013950000, 0x00000000178a8000)
 End Bits:   [0x00000000178a8000, 0x000000001b800000)

Polling page: 0x0000000000e00000

CodeCache: size=245760Kb used=7298Kb max_used=7298Kb free=238462Kb
 bounds [0x0000000002e50000, 0x0000000003580000, 0x0000000011e50000]
 total_blobs=2300 nmethods=1927 adapters=285
 compilation: enabled

Compilation events (10 events):
Event: 1.871 Thread 0x000000001e1c0000 nmethod 1936 0x0000000003561f10 code [0x0000000003562080, 0x0000000003562258]
Event: 1.873 Thread 0x000000001e1c0000 1937       3       java.util.ArrayList::isEmpty (13 bytes)
Event: 1.873 Thread 0x000000001e1c0000 nmethod 1937 0x0000000003561b90 code [0x0000000003561ce0, 0x0000000003561e90]
Event: 1.890 Thread 0x000000001e1c0000 1939       3       com.sun.org.apache.xerces.internal.util.ParserConfigurationSettings::getProperty (31 bytes)
Event: 1.890 Thread 0x000000001e1c0000 nmethod 1939 0x0000000003569390 code [0x0000000003569520, 0x0000000003569938]
Event: 1.890 Thread 0x000000001e1c0000 1940       3       com.sun.org.apache.xerces.internal.parsers.XML11Configuration::getPropertyState (23 bytes)
Event: 1.891 Thread 0x000000001e1c0000 nmethod 1940 0x0000000003569a90 code [0x0000000003569c80, 0x000000000356a668]
Event: 1.891 Thread 0x000000001e1c0000 1941       3       com.sun.org.apache.xerces.internal.parsers.XIncludeAwareParserConfiguration::getFeatureState (40 bytes)
Event: 1.892 Thread 0x000000001e1c0000 nmethod 1941 0x000000000356aa90 code [0x000000000356ac60, 0x000000000356b3a8]
Event: 1.894 Thread 0x000000001e1c0000 1942 %     3       com.sun.org.apache.xerces.internal.impl.io.UTF8Reader::read @ 113 (1443 bytes)

GC Heap History (4 events):
Event: 1.157 GC heap before
{Heap before GC invocations=1 (full 0):
 PSYoungGen      total 75776K, used 65024K [0x000000076b900000, 0x0000000770d80000, 0x00000007c0000000)
  eden space 65024K, 100% used [0x000000076b900000,0x000000076f880000,0x000000076f880000)
  from space 10752K, 0% used [0x0000000770300000,0x0000000770300000,0x0000000770d80000)
  to   space 10752K, 0% used [0x000000076f880000,0x000000076f880000,0x0000000770300000)
 ParOldGen       total 173568K, used 0K [0x00000006c2a00000, 0x00000006cd380000, 0x000000076b900000)
  object space 173568K, 0% used [0x00000006c2a00000,0x00000006c2a00000,0x00000006cd380000)
 Metaspace       used 14853K, capacity 15082K, committed 15488K, reserved 1062912K
  class space    used 1756K, capacity 1825K, committed 1920K, reserved 1048576K
Event: 1.165 GC heap after
Heap after GC invocations=1 (full 0):
 PSYoungGen      total 75776K, used 7918K [0x000000076b900000, 0x0000000770d80000, 0x00000007c0000000)
  eden space 65024K, 0% used [0x000000076b900000,0x000000076b900000,0x000000076f880000)
  from space 10752K, 73% used [0x000000076f880000,0x000000077003b848,0x0000000770300000)
  to   space 10752K, 0% used [0x0000000770300000,0x0000000770300000,0x0000000770d80000)
 ParOldGen       total 173568K, used 80K [0x00000006c2a00000, 0x00000006cd380000, 0x000000076b900000)
  object space 173568K, 0% used [0x00000006c2a00000,0x00000006c2a14010,0x00000006cd380000)
 Metaspace       used 14853K, capacity 15082K, committed 15488K, reserved 1062912K
  class space    used 1756K, capacity 1825K, committed 1920K, reserved 1048576K
}
Event: 1.545 GC heap before
{Heap before GC invocations=2 (full 0):
 PSYoungGen      total 75776K, used 72942K [0x000000076b900000, 0x0000000770d80000, 0x00000007c0000000)
  eden space 65024K, 100% used [0x000000076b900000,0x000000076f880000,0x000000076f880000)
  from space 10752K, 73% used [0x000000076f880000,0x000000077003b848,0x0000000770300000)
  to   space 10752K, 0% used [0x0000000770300000,0x0000000770300000,0x0000000770d80000)
 ParOldGen       total 173568K, used 80K [0x00000006c2a00000, 0x00000006cd380000, 0x000000076b900000)
  object space 173568K, 0% used [0x00000006c2a00000,0x00000006c2a14010,0x00000006cd380000)
 Metaspace       used 15844K, capacity 16100K, committed 16384K, reserved 1062912K
  class space    used 1871K, capacity 1946K, committed 2048K, reserved 1048576K
Event: 1.550 GC heap after
Heap after GC invocations=2 (full 0):
 PSYoungGen      total 75776K, used 4374K [0x000000076b900000, 0x0000000770d80000, 0x00000007c0000000)
  eden space 65024K, 0% used [0x000000076b900000,0x000000076b900000,0x000000076f880000)
  from space 10752K, 40% used [0x0000000770300000,0x0000000770745b38,0x0000000770d80000)
  to   space 10752K, 0% used [0x000000076f880000,0x000000076f880000,0x0000000770300000)
 ParOldGen       total 173568K, used 88K [0x00000006c2a00000, 0x00000006cd380000, 0x000000076b900000)
  object space 173568K, 0% used [0x00000006c2a00000,0x00000006c2a16010,0x00000006cd380000)
 Metaspace       used 15844K, capacity 16100K, committed 16384K, reserved 1062912K
  class space    used 1871K, capacity 1946K, committed 2048K, reserved 1048576K
}

Deoptimization events (10 events):
Event: 1.571 Thread 0x0000000002d54800 Uncommon trap: reason=unstable_if action=reinterpret pc=0x00000000033daf44 method=org.springframework.util.AntPathMatcher$AntPathStringMatcher.matchStrings(Ljava/lang/String;Ljava/util/Map;)Z @ 13
Event: 1.661 Thread 0x0000000002d54800 Uncommon trap: reason=class_check action=maybe_recompile pc=0x000000000343f51c method=java.util.concurrent.ConcurrentHashMap.putVal(Ljava/lang/Object;Ljava/lang/Object;Z)Ljava/lang/Object; @ 192
Event: 1.661 Thread 0x0000000002d54800 Uncommon trap: reason=unstable_if action=reinterpret pc=0x000000000337fb88 method=java.util.concurrent.ConcurrentHashMap.get(Ljava/lang/Object;)Ljava/lang/Object; @ 76
Event: 1.679 Thread 0x0000000002d54800 Uncommon trap: reason=unstable_if action=reinterpret pc=0x000000000344dfdc method=java.lang.reflect.Method.equals(Ljava/lang/Object;)Z @ 49
Event: 1.736 Thread 0x0000000002d54800 Uncommon trap: reason=unstable_if action=reinterpret pc=0x0000000003497478 method=java.lang.Class$MethodArray.matchesNameAndDescriptor(Ljava/lang/reflect/Method;Ljava/lang/reflect/Method;)Z @ 33
Event: 1.819 Thread 0x0000000002d54800 Uncommon trap: reason=class_check action=maybe_recompile pc=0x000000000343f51c method=java.util.concurrent.ConcurrentHashMap.putVal(Ljava/lang/Object;Ljava/lang/Object;Z)Ljava/lang/Object; @ 192
Event: 1.820 Thread 0x0000000002d54800 Uncommon trap: reason=class_check action=maybe_recompile pc=0x000000000343f51c method=java.util.concurrent.ConcurrentHashMap.putVal(Ljava/lang/Object;Ljava/lang/Object;Z)Ljava/lang/Object; @ 192
Event: 1.822 Thread 0x0000000002d54800 Uncommon trap: reason=class_check action=maybe_recompile pc=0x000000000343f51c method=java.util.concurrent.ConcurrentHashMap.putVal(Ljava/lang/Object;Ljava/lang/Object;Z)Ljava/lang/Object; @ 192
Event: 1.893 Thread 0x0000000002d54800 Uncommon trap: reason=unstable_if action=reinterpret pc=0x00000000032563b8 method=com.sun.org.apache.xerces.internal.utils.XMLLimitAnalyzer.addValue(ILjava/lang/String;I)V @ 7
Event: 1.893 Thread 0x0000000002d54800 Uncommon trap: reason=unstable_if action=reinterpret pc=0x000000000319efe8 method=com.sun.org.apache.xerces.internal.utils.XMLSecurityManager.isOverLimit(ILcom/sun/org/apache/xerces/internal/utils/XMLLimitAnalyzer;)Z @ 28

Classes redefined (0 events):
No events

Internal exceptions (10 events):
Event: 1.798 Thread 0x0000000002d54800 Exception <a 'java/lang/ClassNotFoundException': org/springframework/transaction/interceptor/TransactionAttributeSourceBeanInfo> (0x000000076d6be2d8) thrown at [C:\ade\jenkins\workspace\8-2-build-windows-amd64-cygwin\jdk8u241\331\hotspot\src\share\vm\clas
Event: 1.798 Thread 0x0000000002d54800 Exception <a 'java/lang/ClassNotFoundException': org/springframework/transaction/interceptor/TransactionAttributeSourceCustomizer> (0x000000076d6d5038) thrown at [C:\ade\jenkins\workspace\8-2-build-windows-amd64-cygwin\jdk8u241\331\hotspot\src\share\vm\cl
Event: 1.800 Thread 0x0000000002d54800 Exception <a 'java/lang/ClassNotFoundException': org/springframework/cache/interceptor/BeanFactoryCacheOperationSourceAdvisorBeanInfo> (0x000000076d6f9608) thrown at [C:\ade\jenkins\workspace\8-2-build-windows-amd64-cygwin\jdk8u241\331\hotspot\src\share\v
Event: 1.801 Thread 0x0000000002d54800 Exception <a 'java/lang/ClassNotFoundException': org/springframework/cache/interceptor/BeanFactoryCacheOperationSourceAdvisorCustomizer> (0x000000076d711e10) thrown at [C:\ade\jenkins\workspace\8-2-build-windows-amd64-cygwin\jdk8u241\331\hotspot\src\share
Event: 1.807 Thread 0x0000000002d54800 Exception <a 'java/lang/ClassNotFoundException': org/springframework/cache/annotation/AnnotationCacheOperationSourceBeanInfo> (0x000000076d798e00) thrown at [C:\ade\jenkins\workspace\8-2-build-windows-amd64-cygwin\jdk8u241\331\hotspot\src\share\vm\classfi
Event: 1.807 Thread 0x0000000002d54800 Exception <a 'java/lang/ClassNotFoundException': org/springframework/cache/interceptor/AbstractFallbackCacheOperationSourceBeanInfo> (0x000000076d7b0640) thrown at [C:\ade\jenkins\workspace\8-2-build-windows-amd64-cygwin\jdk8u241\331\hotspot\src\share\vm\
Event: 1.808 Thread 0x0000000002d54800 Exception <a 'java/lang/ClassNotFoundException': org/springframework/cache/interceptor/AbstractFallbackCacheOperationSourceCustomizer> (0x000000076d7c89d0) thrown at [C:\ade\jenkins\workspace\8-2-build-windows-amd64-cygwin\jdk8u241\331\hotspot\src\share\v
Event: 1.809 Thread 0x0000000002d54800 Exception <a 'java/lang/ClassNotFoundException': org/springframework/cache/annotation/AnnotationCacheOperationSourceCustomizer> (0x000000076d7e3598) thrown at [C:\ade\jenkins\workspace\8-2-build-windows-amd64-cygwin\jdk8u241\331\hotspot\src\share\vm\class
Event: 1.809 Thread 0x0000000002d54800 Exception <a 'java/lang/ClassNotFoundException': org/springframework/cache/interceptor/CacheOperationSourceBeanInfo> (0x000000076d7fb5a0) thrown at [C:\ade\jenkins\workspace\8-2-build-windows-amd64-cygwin\jdk8u241\331\hotspot\src\share\vm\classfile\system
Event: 1.809 Thread 0x0000000002d54800 Exception <a 'java/lang/ClassNotFoundException': org/springframework/cache/interceptor/CacheOperationSourceCustomizer> (0x000000076d8106f0) thrown at [C:\ade\jenkins\workspace\8-2-build-windows-amd64-cygwin\jdk8u241\331\hotspot\src\share\vm\classfile\syst

Events (10 events):
Event: 1.891 loading class org/apache/ibatis/io/ClassLoaderWrapper
Event: 1.891 loading class org/apache/ibatis/io/ClassLoaderWrapper done
Event: 1.893 Thread 0x0000000002d54800 Uncommon trap: trap_request=0xffffff65 fr.pc=0x00000000032563b8
Event: 1.893 Thread 0x0000000002d54800 DEOPT PACKING pc=0x00000000032563b8 sp=0x0000000002b4c960
Event: 1.893 Thread 0x0000000002d54800 DEOPT UNPACKING pc=0x0000000002e9583b sp=0x0000000002b4c900 mode 2
Event: 1.893 Thread 0x0000000002d54800 Uncommon trap: trap_request=0xffffff65 fr.pc=0x000000000319efe8
Event: 1.893 Thread 0x0000000002d54800 DEOPT PACKING pc=0x000000000319efe8 sp=0x0000000002b4c970
Event: 1.893 Thread 0x0000000002d54800 DEOPT UNPACKING pc=0x0000000002e9583b sp=0x0000000002b4c920 mode 2
Event: 1.896 loading class org/apache/ibatis/executor/loader/ProxyFactory
Event: 1.896 loading class org/apache/ibatis/executor/loader/ProxyFactory done


Dynamic libraries:
0x00007ff6c9bf0000 - 0x00007ff6c9c27000 	D:\Java\jdk1.8.0_241\bin\java.exe
0x00007ffab7b00000 - 0x00007ffab7cf0000 	C:\Windows\SYSTEM32\ntdll.dll
0x00007ffab5bb0000 - 0x00007ffab5c62000 	C:\Windows\System32\KERNEL32.DLL
0x00007ffab4ce0000 - 0x00007ffab4f85000 	C:\Windows\System32\KERNELBASE.dll
0x00007ffab62b0000 - 0x00007ffab6353000 	C:\Windows\System32\ADVAPI32.dll
0x00007ffab6210000 - 0x00007ffab62ae000 	C:\Windows\System32\msvcrt.dll
0x00007ffab66c0000 - 0x00007ffab6757000 	C:\Windows\System32\sechost.dll
0x00007ffab6590000 - 0x00007ffab66af000 	C:\Windows\System32\RPCRT4.dll
0x00007ffab6b30000 - 0x00007ffab6cc4000 	C:\Windows\System32\USER32.dll
0x00007ffab4ae0000 - 0x00007ffab4b01000 	C:\Windows\System32\win32u.dll
0x00007ffab6ff0000 - 0x00007ffab7016000 	C:\Windows\System32\GDI32.dll
0x00007ffab4b10000 - 0x00007ffab4ca8000 	C:\Windows\System32\gdi32full.dll
0x00007ffab5810000 - 0x00007ffab58ae000 	C:\Windows\System32\msvcp_win.dll
0x00007ffab5710000 - 0x00007ffab580a000 	C:\Windows\System32\ucrtbase.dll
0x00007ffa9ed90000 - 0x00007ffa9f014000 	C:\Windows\WinSxS\amd64_microsoft.windows.common-controls_6595b64144ccf1df_6.0.18362.1379_none_9e7ff3b3e45cc0c4\COMCTL32.dll
0x00007ffab7710000 - 0x00007ffab7a47000 	C:\Windows\System32\combase.dll
0x00007ffab5980000 - 0x00007ffab5a01000 	C:\Windows\System32\bcryptPrimitives.dll
0x00007ffab6400000 - 0x00007ffab642e000 	C:\Windows\System32\IMM32.DLL
0x000000005e320000 - 0x000000005e3f2000 	D:\Java\jdk1.8.0_241\jre\bin\msvcr100.dll
0x000000005da70000 - 0x000000005e31c000 	D:\Java\jdk1.8.0_241\jre\bin\server\jvm.dll
0x00007ffab66b0000 - 0x00007ffab66b8000 	C:\Windows\System32\PSAPI.DLL
0x00007ffaaa580000 - 0x00007ffaaa589000 	C:\Windows\SYSTEM32\WSOCK32.dll
0x00007ffaa8e50000 - 0x00007ffaa8e74000 	C:\Windows\SYSTEM32\WINMM.dll
0x00007ffaa9420000 - 0x00007ffaa942a000 	C:\Windows\SYSTEM32\VERSION.dll
0x00007ffab6760000 - 0x00007ffab67cf000 	C:\Windows\System32\WS2_32.dll
0x00007ffaa8e20000 - 0x00007ffaa8e4d000 	C:\Windows\SYSTEM32\winmmbase.dll
0x00007ffab5b60000 - 0x00007ffab5baa000 	C:\Windows\System32\cfgmgr32.dll
0x00007ffa99610000 - 0x00007ffa9961f000 	D:\Java\jdk1.8.0_241\jre\bin\verify.dll
0x00007ffa85250000 - 0x00007ffa85279000 	D:\Java\jdk1.8.0_241\jre\bin\java.dll
0x00007ffa7a790000 - 0x00007ffa7a7b3000 	D:\Java\jdk1.8.0_241\jre\bin\instrument.dll
0x00007ffa85100000 - 0x00007ffa85116000 	D:\Java\jdk1.8.0_241\jre\bin\zip.dll
0x00007ffab7020000 - 0x00007ffab7708000 	C:\Windows\System32\SHELL32.dll
0x00007ffab6940000 - 0x00007ffab69e7000 	C:\Windows\System32\shcore.dll
0x00007ffab4f90000 - 0x00007ffab570b000 	C:\Windows\System32\windows.storage.dll
0x00007ffab4a30000 - 0x00007ffab4a53000 	C:\Windows\System32\profapi.dll
0x00007ffab49c0000 - 0x00007ffab4a0a000 	C:\Windows\System32\powrprof.dll
0x00007ffab49b0000 - 0x00007ffab49c0000 	C:\Windows\System32\UMPDC.dll
0x00007ffab5d40000 - 0x00007ffab5d92000 	C:\Windows\System32\shlwapi.dll
0x00007ffab4a60000 - 0x00007ffab4a71000 	C:\Windows\System32\kernel.appcore.dll
0x00007ffab5960000 - 0x00007ffab5977000 	C:\Windows\System32\cryptsp.dll
0x00007ffa7d6d0000 - 0x00007ffa7d6ea000 	D:\Idea\IntelliJ IDEA 2020.2.3\bin\breakgen64.dll
0x00007ffa995f0000 - 0x00007ffa9960a000 	D:\Java\jdk1.8.0_241\jre\bin\net.dll
0x00007ffab41f0000 - 0x00007ffab4257000 	C:\Windows\system32\mswsock.dll
0x00007ffa84fa0000 - 0x00007ffa84fb2000 	D:\Java\jdk1.8.0_241\jre\bin\nio.dll

VM Arguments:
jvm_args: -ea -Didea.test.cyclic.buffer.size=1048576 -javaagent:D:\Idea\IntelliJ IDEA 2020.2.3\lib\idea_rt.jar=56436:D:\Idea\IntelliJ IDEA 2020.2.3\bin -Dfile.encoding=UTF-8 
java_command: com.intellij.rt.junit.JUnitStarter -ideVersion5 -junit4 com.derellea.MyBatisTest,vedioTest
java_class_path (initial): D:\Idea\IntelliJ IDEA 2020.2.3\lib\idea_rt.jar;D:\Idea\IntelliJ IDEA 2020.2.3\plugins\junit\lib\junit5-rt.jar;D:\Idea\IntelliJ IDEA 2020.2.3\plugins\junit\lib\junit-rt.jar;D:\Java\jdk1.8.0_241\jre\lib\charsets.jar;D:\Java\jdk1.8.0_241\jre\lib\deploy.jar;D:\Java\jdk1.8.0_241\jre\lib\ext\access-bridge-64.jar;D:\Java\jdk1.8.0_241\jre\lib\ext\cldrdata.jar;D:\Java\jdk1.8.0_241\jre\lib\ext\dnsns.jar;D:\Java\jdk1.8.0_241\jre\lib\ext\jaccess.jar;D:\Java\jdk1.8.0_241\jre\lib\ext\jfxrt.jar;D:\Java\jdk1.8.0_241\jre\lib\ext\localedata.jar;D:\Java\jdk1.8.0_241\jre\lib\ext\nashorn.jar;D:\Java\jdk1.8.0_241\jre\lib\ext\sunec.jar;D:\Java\jdk1.8.0_241\jre\lib\ext\sunjce_provider.jar;D:\Java\jdk1.8.0_241\jre\lib\ext\sunmscapi.jar;D:\Java\jdk1.8.0_241\jre\lib\ext\sunpkcs11.jar;D:\Java\jdk1.8.0_241\jre\lib\ext\zipfs.jar;D:\Java\jdk1.8.0_241\jre\lib\javaws.jar;D:\Java\jdk1.8.0_241\jre\lib\jce.jar;D:\Java\jdk1.8.0_241\jre\lib\jfr.jar;D:\Java\jdk1.8.0_241\jre\lib\jfxswt.jar;D:\Java\jdk1.8.0_241\jre\lib\jsse.jar;D:\Java\jdk1.8.0_241\jre\lib\management-agent.jar;D:\Java\jdk1.8.0_241\jre\lib\plugin.jar;D:\Java\jdk1.8.0_241\jre\lib\resources.jar;D:\Java\jdk1.8.0_241\jre\lib\rt.jar;D:\mavenProject\LianXiJava\target\test-classes;D:\mavenProject\LianXiJava\target\classes;D:\maven\maven_repository\junit\junit\4.13\junit-4.13.jar;D:\maven\maven_repository\org\hamcrest\hamcrest-core\1.3\hamcrest-core-1.3.jar;D:\maven\maven_repository\org\slf4j\slf4j-log4j12\1.7.25\slf4j-log4j12-1.7.25.jar;D:\maven\maven_repository\org\slf4j\slf4j-api\1.7.25\slf4j-api-1.7.25.jar;D:\maven\maven_repository\log4j\log4j\1.2.17\log4j-1.2.17.jar;D:\maven\maven_repository\org\bgee\log4jdbc-log4j2\log4jdbc-log4j2-jdbc4.1\1.16\log4jdbc-log4j2-jdbc4.1-1.16.jar;D:\maven\maven_repository\javax\mail\javax.mail-api\1.5.6\javax.mail-api-1.5.6.jar;D:\maven\maven_repository\com\sun\mail\javax.mail\1.5.3\javax.mail-1.5.3.jar;D:\maven\maven_repository\javax\activation\activation\1.1\activation-1.1.jar;D:\ma
Launcher Type: SUN_STANDARD

Environment Variables:
JAVA_HOME=D:\Java\jdk1.8.0_241
CLASSPATH=D:\Java\develop
PATH=C:\Windows\system32;"C:\Windows;";"C:\Windows\System32\Wbem;";D:\Java\jdk1.8.0_241\bin;C:\Users\14408\AppData\Local\Google\Chrome\Application;D:\android\android-sdk-windows\platform-tools\;D:\android\android-sdk-windows\tools\;D:\mysql\mysql-8.0.21-winx64\bin;D:\redis\;D:\maven\apache-maven-3.6.3\bin;D:\Git\cmd;D:\anaconda;D:\anaconda\Library\mingw-w64\bin;D:\anaconda\Library\usr\bin;D:\anaconda\Library\bin;D:\anaconda\Scripts;C:\Users\14408\AppData\Local\Microsoft\WindowsApps;D:\python\PyCharm Community Edition 2019.2.4\bin;;C:\Users\14408\AppData\Local\Google\Chrome\Application;";D:\android\android-sdk-windows\platform-tools;D:\android\android-sdk-windows\tools";D:\Idea\IntelliJ IDEA 2020.2.3\bin;;D:\mysql\mysql-8.0.21-winx64\bin;
USERNAME=14408
OS=Windows_NT
PROCESSOR_IDENTIFIER=Intel64 Family 6 Model 166 Stepping 0, GenuineIntel



---------------  S Y S T E M  ---------------

OS: Windows 10.0 , 64 bit Build 18362 (10.0.18362.1350)

CPU:total 12 (initial active 12) (6 cores per cpu, 2 threads per core) family 6 model 166 stepping 0, cmov, cx8, fxsr, mmx, sse, sse2, sse3, ssse3, sse4.1, sse4.2, popcnt, avx, avx2, aes, clmul, erms, 3dnowpref, lzcnt, ht, tsc, tscinvbit, bmi1, bmi2, adx

Memory: 4k page, physical 16603188k(3659164k free), swap 19595316k(5276k free)

vm_info: Java HotSpot(TM) 64-Bit Server VM (25.241-b07) for windows-amd64 JRE (1.8.0_241-b07), built on Dec 11 2019 10:21:40 by "rejava" with MS VC++ 10.0 (VS2010)

time: Sat Mar 13 14:45:53 2021
timezone: 中国标准时间
elapsed time: 1 seconds (0d 0h 0m 1s)

