#
# There is insufficient memory for the Java Runtime Environment to continue.
# Native memory allocation (malloc) failed to allocate 1048576 bytes for AllocateHeap
# Possible reasons:
#   The system is out of physical RAM or swap space
#   The process is running with CompressedOops enabled, and the Java Heap may be blocking the growth of the native heap
# Possible solutions:
#   Reduce memory load on the system
#   Increase physical memory or swap space
#   Check if swap backing store is full
#   Decrease Java heap size (-Xmx/-Xms)
#   Decrease number of Java threads
#   Decrease Java thread stack sizes (-Xss)
#   Set larger code cache with -XX:ReservedCodeCacheSize=
#   JVM is running with Zero Based Compressed Oops mode in which the Java heap is
#     placed in the first 32GB address space. The Java Heap base address is the
#     maximum limit for the native heap growth. Please use -XX:HeapBaseMinAddress
#     to set the Java Heap base and to place the Java Heap above 32GB virtual address.
# This output file may be truncated or incomplete.
#
#  Out of Memory Error (memory/allocation.inline.hpp:61), pid=36320, tid=0x0000000000002de8
#
# JRE version:  (8.0_241-b07) (build )
# Java VM: Java HotSpot(TM) 64-Bit Server VM (25.241-b07 mixed mode windows-amd64 compressed oops)
# Failed to write core dump. Minidumps are not enabled by default on client versions of Windows
#

---------------  T H R E A D  ---------------

Current thread (0x0000000002ec4000):  JavaThread "Unknown thread" [_thread_in_vm, id=11752, stack(0x0000000002c50000,0x0000000002d50000)]

Stack: [0x0000000002c50000,0x0000000002d50000]
[error occurred during error reporting (printing stack bounds), id 0xc0000005]

Native frames: (J=compiled Java code, j=interpreted, Vv=VM code, C=native code)


---------------  P R O C E S S  ---------------

Java Threads: ( => current thread )

Other Threads:

=>0x0000000002ec4000 (exited) JavaThread "Unknown thread" [_thread_in_vm, id=11752, stack(0x0000000002c50000,0x0000000002d50000)]

VM state:not at safepoint (normal execution)

VM Mutex/Monitor currently owned by a thread: None

heap address: 0x00000006c2a00000, size: 4054 MB, Compressed Oops mode: Zero based, Oop shift amount: 3
Narrow klass base: 0x0000000000000000, Narrow klass shift: 3
Compressed class space size: 1073741824 Address: 0x00000007c0000000

Heap:
 PSYoungGen      total 75776K, used 1300K [0x000000076b900000, 0x0000000770d80000, 0x00000007c0000000)
  eden space 65024K, 2% used [0x000000076b900000,0x000000076ba451f8,0x000000076f880000)
  from space 10752K, 0% used [0x0000000770300000,0x0000000770300000,0x0000000770d80000)
  to   space 10752K, 0% used [0x000000076f880000,0x000000076f880000,0x0000000770300000)
 ParOldGen       total 173568K, used 0K [0x00000006c2a00000, 0x00000006cd380000, 0x000000076b900000)
  object space 173568K, 0% used [0x00000006c2a00000,0x00000006c2a00000,0x00000006cd380000)
 Metaspace       used 776K, capacity 4480K, committed 4480K, reserved 1056768K
  class space    used 76K, capacity 384K, committed 384K, reserved 1048576K

Card table byte_map: [0x0000000012380000,0x0000000012b70000] byte_map_base: 0x000000000ed6b000

Marking Bits: (ParMarkBitMap*) 0x00000000776dbe30
 Begin Bits: [0x0000000013ac0000, 0x0000000017a18000)
 End Bits:   [0x0000000017a18000, 0x000000001b970000)

Polling page: 0x00000000005c0000

CodeCache: size=245760Kb used=328Kb max_used=328Kb free=245431Kb
 bounds [0x0000000002fc0000, 0x0000000003230000, 0x0000000011fc0000]
 total_blobs=58 nmethods=0 adapters=38
 compilation: enabled

Compilation events (0 events):
No events

GC Heap History (0 events):
No events

Deoptimization events (0 events):
No events

Classes redefined (0 events):
No events

Internal exceptions (0 events):
No events

Events (10 events):
Event: 0.024 loading class java/lang/Short
Event: 0.024 loading class java/lang/Short done
Event: 0.024 loading class java/lang/Integer
Event: 0.024 loading class java/lang/Integer done
Event: 0.024 loading class java/lang/Long
Event: 0.024 loading class java/lang/Long done
Event: 0.025 loading class java/lang/NullPointerException
Event: 0.025 loading class java/lang/NullPointerException done
Event: 0.025 loading class java/lang/ArithmeticException
Event: 0.025 loading class java/lang/ArithmeticException done


Dynamic libraries:
0x00007ff6b7c80000 - 0x00007ff6b7cb7000 	D:\Java\jdk1.8.0_241\bin\java.exe
0x00007fff49820000 - 0x00007fff49a10000 	C:\Windows\SYSTEM32\ntdll.dll
0x00007fff48f70000 - 0x00007fff49022000 	C:\Windows\System32\KERNEL32.DLL
0x00007fff474d0000 - 0x00007fff47775000 	C:\Windows\System32\KERNELBASE.dll
0x00007fff47d70000 - 0x00007fff47e13000 	C:\Windows\System32\ADVAPI32.dll
0x00007fff48d30000 - 0x00007fff48dce000 	C:\Windows\System32\msvcrt.dll
0x00007fff47e80000 - 0x00007fff47f17000 	C:\Windows\System32\sechost.dll
0x00007fff47f20000 - 0x00007fff4803f000 	C:\Windows\System32\RPCRT4.dll
0x00007fff48dd0000 - 0x00007fff48f64000 	C:\Windows\System32\USER32.dll
0x00007fff46820000 - 0x00007fff46841000 	C:\Windows\System32\win32u.dll
0x00007fff481a0000 - 0x00007fff481c6000 	C:\Windows\System32\GDI32.dll
0x00007fff468d0000 - 0x00007fff46a68000 	C:\Windows\System32\gdi32full.dll
0x00007fff47780000 - 0x00007fff4781e000 	C:\Windows\System32\msvcp_win.dll
0x00007fff46a70000 - 0x00007fff46b6a000 	C:\Windows\System32\ucrtbase.dll
0x00007fff32830000 - 0x00007fff32ab4000 	C:\Windows\WinSxS\amd64_microsoft.windows.common-controls_6595b64144ccf1df_6.0.18362.1379_none_9e7ff3b3e45cc0c4\COMCTL32.dll
0x00007fff47980000 - 0x00007fff47cb7000 	C:\Windows\System32\combase.dll
0x00007fff46b70000 - 0x00007fff46bf1000 	C:\Windows\System32\bcryptPrimitives.dll
0x00007fff49730000 - 0x00007fff4975e000 	C:\Windows\System32\IMM32.DLL
0x0000000077a20000 - 0x0000000077af2000 	D:\Java\jdk1.8.0_241\jre\bin\msvcr100.dll
0x0000000076eb0000 - 0x000000007775c000 	D:\Java\jdk1.8.0_241\jre\bin\server\jvm.dll
0x00007fff48cb0000 - 0x00007fff48cb8000 	C:\Windows\System32\PSAPI.DLL
0x00007fff42580000 - 0x00007fff425a4000 	C:\Windows\SYSTEM32\WINMM.dll
0x00007fff3beb0000 - 0x00007fff3beba000 	C:\Windows\SYSTEM32\VERSION.dll
0x00007fff42460000 - 0x00007fff4248d000 	C:\Windows\SYSTEM32\WINMMBASE.dll
0x00007fff46880000 - 0x00007fff468ca000 	C:\Windows\System32\cfgmgr32.dll
0x00007fff42f50000 - 0x00007fff42f59000 	C:\Windows\SYSTEM32\WSOCK32.dll
0x00007fff48cc0000 - 0x00007fff48d2f000 	C:\Windows\System32\WS2_32.dll
0x00007fff43040000 - 0x00007fff4304f000 	D:\Java\jdk1.8.0_241\jre\bin\verify.dll
0x00007fff349c0000 - 0x00007fff349e9000 	D:\Java\jdk1.8.0_241\jre\bin\java.dll
0x00007fff1d690000 - 0x00007fff1d6b3000 	D:\Java\jdk1.8.0_241\jre\bin\instrument.dll
0x00007fff2ad90000 - 0x00007fff2ada6000 	D:\Java\jdk1.8.0_241\jre\bin\zip.dll

VM Arguments:
jvm_args: -ea -Didea.test.cyclic.buffer.size=1048576 -javaagent:D:\Idea\IntelliJ IDEA 2020.2.3\lib\idea_rt.jar=55184:D:\Idea\IntelliJ IDEA 2020.2.3\bin -Dfile.encoding=UTF-8 
java_command: com.intellij.rt.junit.JUnitStarter -ideVersion5 -junit4 com.derellea.MyBatisTest,userTest2
java_class_path (initial): D:\Idea\IntelliJ IDEA 2020.2.3\lib\idea_rt.jar;D:\Idea\IntelliJ IDEA 2020.2.3\plugins\junit\lib\junit5-rt.jar;D:\Idea\IntelliJ IDEA 2020.2.3\plugins\junit\lib\junit-rt.jar;D:\Java\jdk1.8.0_241\jre\lib\charsets.jar;D:\Java\jdk1.8.0_241\jre\lib\deploy.jar;D:\Java\jdk1.8.0_241\jre\lib\ext\access-bridge-64.jar;D:\Java\jdk1.8.0_241\jre\lib\ext\cldrdata.jar;D:\Java\jdk1.8.0_241\jre\lib\ext\dnsns.jar;D:\Java\jdk1.8.0_241\jre\lib\ext\jaccess.jar;D:\Java\jdk1.8.0_241\jre\lib\ext\jfxrt.jar;D:\Java\jdk1.8.0_241\jre\lib\ext\localedata.jar;D:\Java\jdk1.8.0_241\jre\lib\ext\nashorn.jar;D:\Java\jdk1.8.0_241\jre\lib\ext\sunec.jar;D:\Java\jdk1.8.0_241\jre\lib\ext\sunjce_provider.jar;D:\Java\jdk1.8.0_241\jre\lib\ext\sunmscapi.jar;D:\Java\jdk1.8.0_241\jre\lib\ext\sunpkcs11.jar;D:\Java\jdk1.8.0_241\jre\lib\ext\zipfs.jar;D:\Java\jdk1.8.0_241\jre\lib\javaws.jar;D:\Java\jdk1.8.0_241\jre\lib\jce.jar;D:\Java\jdk1.8.0_241\jre\lib\jfr.jar;D:\Java\jdk1.8.0_241\jre\lib\jfxswt.jar;D:\Java\jdk1.8.0_241\jre\lib\jsse.jar;D:\Java\jdk1.8.0_241\jre\lib\management-agent.jar;D:\Java\jdk1.8.0_241\jre\lib\plugin.jar;D:\Java\jdk1.8.0_241\jre\lib\resources.jar;D:\Java\jdk1.8.0_241\jre\lib\rt.jar;D:\mavenProject\LianXiJava\target\test-classes;D:\mavenProject\LianXiJava\target\classes;D:\maven\maven_repository\junit\junit\4.13\junit-4.13.jar;D:\maven\maven_repository\org\hamcrest\hamcrest-core\1.3\hamcrest-core-1.3.jar;D:\maven\maven_repository\log4j\log4j\1.2.17\log4j-1.2.17.jar;D:\maven\maven_repository\mysql\mysql-connector-java\8.0.16\mysql-connector-java-8.0.16.jar;D:\maven\maven_repository\com\google\protobuf\protobuf-java\3.6.1\protobuf-java-3.6.1.jar;D:\maven\maven_repository\com\alibaba\druid\1.1.10\druid-1.1.10.jar;D:\maven\maven_repository\org\springframework\spring-context\5.0.5.RELEASE\spring-context-5.0.5.RELEASE.jar;D:\maven\maven_repository\org\springframework\spring-aop\5.0.5.RELEASE\spring-aop-5.0.5.RELEASE.jar;D:\maven\maven_repository\org\springframework\spring-
Launcher Type: SUN_STANDARD

Environment Variables:
JAVA_HOME=D:\Java\jdk1.8.0_241
CLASSPATH=D:\Java\develop
PATH=C:\Windows\system32;"C:\Windows;";"C:\Windows\System32\Wbem;";D:\Java\jdk1.8.0_241\bin;C:\Users\14408\AppData\Local\Google\Chrome\Application;D:\android\android-sdk-windows\platform-tools\;D:\android\android-sdk-windows\tools\;D:\mysql\mysql-8.0.21-winx64\bin;D:\redis\;D:\maven\apache-maven-3.6.3\bin;D:\Git\cmd;D:\anaconda;D:\anaconda\Library\mingw-w64\bin;D:\anaconda\Library\usr\bin;D:\anaconda\Library\bin;D:\anaconda\Scripts;C:\Users\14408\AppData\Local\Microsoft\WindowsApps;D:\python\PyCharm Community Edition 2019.2.4\bin;;C:\Users\14408\AppData\Local\Google\Chrome\Application;";D:\android\android-sdk-windows\platform-tools;D:\android\android-sdk-windows\tools";D:\Idea\IntelliJ IDEA 2020.2.3\bin;;D:\mysql\mysql-8.0.21-winx64\bin;
USERNAME=14408
OS=Windows_NT
PROCESSOR_IDENTIFIER=Intel64 Family 6 Model 166 Stepping 0, GenuineIntel



---------------  S Y S T E M  ---------------

OS: Windows 10.0 , 64 bit Build 18362 (10.0.18362.1350)

CPU:total 12 (initial active 12) (6 cores per cpu, 2 threads per core) family 6 model 166 stepping 0, cmov, cx8, fxsr, mmx, sse, sse2, sse3, ssse3, sse4.1, sse4.2, popcnt, avx, avx2, aes, clmul, erms, 3dnowpref, lzcnt, ht, tsc, tscinvbit, bmi1, bmi2, adx

Memory: 4k page, physical 16603188k(5817080k free), swap 19595316k(5532k free)

vm_info: Java HotSpot(TM) 64-Bit Server VM (25.241-b07) for windows-amd64 JRE (1.8.0_241-b07), built on Dec 11 2019 10:21:40 by "rejava" with MS VC++ 10.0 (VS2010)

time: Wed Mar 10 21:20:36 2021
timezone: 中国标准时间
elapsed time: 0 seconds (0d 0h 0m 0s)

